[ 25%] [32mBuilding CXX object CMakeFiles/PN_node_turtlesim.dir/src/PN_node_turtlesim.cpp.o[0m
[ 50%] [32m[1mLinking CXX executable /home/scp/iiit-delhi/Ardupilot-using-ROS/ardupilot_ws/devel/.private/my_APMrover/lib/my_APMrover/PN_node[0m
[ 75%] Built target PN_node
[01m[K/home/scp/iiit-delhi/Ardupilot-using-ROS/ardupilot_ws/src/my_APMrover/src/PN_node_turtlesim.cpp:20:31:[m[K [01;31m[Kfatal error: [m[Kgeometry_msgs/Twist: No such file or directory
compilation terminated.
CMakeFiles/PN_node_turtlesim.dir/build.make:62: recipe for target 'CMakeFiles/PN_node_turtlesim.dir/src/PN_node_turtlesim.cpp.o' failed
make[2]: *** [CMakeFiles/PN_node_turtlesim.dir/src/PN_node_turtlesim.cpp.o] Error 1
CMakeFiles/Makefile2:1384: recipe for target 'CMakeFiles/PN_node_turtlesim.dir/all' failed
make[1]: *** [CMakeFiles/PN_node_turtlesim.dir/all] Error 2
Makefile:138: recipe for target 'all' failed
make: *** [all] Error 2
