[01m[K/home/scp/iiit-delhi/Ardupilot-using-ROS/ardupilot_ws/src/my_APMrover/src/rover_WP_nav.cpp:20:20:[m[K [01;31m[Kfatal error: [m[Kifstream: No such file or directory
compilation terminated.
make[2]: *** [CMakeFiles/rover_WP_nav.dir/src/rover_WP_nav.cpp.o] Error 1
make[1]: *** [CMakeFiles/rover_WP_nav.dir/all] Error 2
make: *** [all] Error 2
