[01m[K/home/scp/iiit-delhi/Ardupilot-using-ROS/ardupilot_ws/src/my_APMrover/src/PN_node_turtlesim.cpp:20:31:[m[K [01;31m[Kfatal error: [m[Kgeometry_msgs/Twist: No such file or directory
compilation terminated.
make[2]: *** [CMakeFiles/PN_node_turtlesim.dir/src/PN_node_turtlesim.cpp.o] Error 1
make[1]: *** [CMakeFiles/PN_node_turtlesim.dir/all] Error 2
make[1]: *** Waiting for unfinished jobs....
make: *** [all] Error 2
