/home/scp/iiit-delhi/Ardupilot-using-ROS/ardupilot_ws/src/my_APMrover/src/PN_node_turtlesim.cpp: In function ‘void pn()’:
/home/scp/iiit-delhi/Ardupilot-using-ROS/ardupilot_ws/src/my_APMrover/src/PN_node_turtlesim.cpp:35:1201: error: expected primary-expression before ‘,’ token
make[2]: *** [CMakeFiles/PN_node_turtlesim.dir/src/PN_node_turtlesim.cpp.o] Error 1
make[1]: *** [CMakeFiles/PN_node_turtlesim.dir/all] Error 2
make: *** [all] Error 2
